<?xml version="1.0" encoding="UTF-8"?>
<testng-results ignored="0" total="4" passed="3" failed="1" skipped="0">
  <reporter-output>
  </reporter-output>
  <suite started-at="2018-07-10T06:21:41Z" name="Default suite" finished-at="2018-07-10T06:22:05Z" duration-ms="24437">
    <groups>
    </groups>
    <test started-at="2018-07-10T06:21:41Z" name="Default test" finished-at="2018-07-10T06:22:05Z" duration-ms="24437">
      <class name="package25.example1">
        <test-method signature="adminUser()[pri:0, instance:package25.example1@45ca843]" started-at="2018-07-10T11:51:41Z" name="adminUser" finished-at="2018-07-10T11:51:48Z" duration-ms="6886" status="FAIL">
          <exception class="java.lang.AssertionError">
            <message>
              <![CDATA[Pagetitle not matched expected [Hello Admin User] but found [Online Banking Login]]]>
            </message>
            <full-stacktrace>
              <![CDATA[java.lang.AssertionError: Pagetitle not matched expected [Hello Admin User] but found [Online Banking Login]
	at org.testng.Assert.fail(Assert.java:93)
	at org.testng.Assert.failNotEquals(Assert.java:512)
	at org.testng.Assert.assertEqualsImpl(Assert.java:134)
	at org.testng.Assert.assertEquals(Assert.java:115)
	at org.testng.Assert.assertEquals(Assert.java:189)
	at package25.example1.adminUser(example1.java:34)
	at java.base/jdk.internal.reflect.NativeMethodAccessorImpl.invoke0(Native Method)
	at java.base/jdk.internal.reflect.NativeMethodAccessorImpl.invoke(NativeMethodAccessorImpl.java:62)
	at java.base/jdk.internal.reflect.DelegatingMethodAccessorImpl.invoke(DelegatingMethodAccessorImpl.java:43)
	at java.base/java.lang.reflect.Method.invoke(Method.java:564)
	at org.testng.internal.MethodInvocationHelper.invokeMethod(MethodInvocationHelper.java:108)
	at org.testng.internal.Invoker.invokeMethod(Invoker.java:661)
	at org.testng.internal.Invoker.invokeTestMethod(Invoker.java:869)
	at org.testng.internal.Invoker.invokeTestMethods(Invoker.java:1193)
	at org.testng.internal.TestMethodWorker.invokeTestMethods(TestMethodWorker.java:126)
	at org.testng.internal.TestMethodWorker.run(TestMethodWorker.java:109)
	at org.testng.TestRunner.privateRun(TestRunner.java:744)
	at org.testng.TestRunner.run(TestRunner.java:602)
	at org.testng.SuiteRunner.runTest(SuiteRunner.java:380)
	at org.testng.SuiteRunner.runSequentially(SuiteRunner.java:375)
	at org.testng.SuiteRunner.privateRun(SuiteRunner.java:340)
	at org.testng.SuiteRunner.run(SuiteRunner.java:289)
	at org.testng.SuiteRunnerWorker.runSuite(SuiteRunnerWorker.java:52)
	at org.testng.SuiteRunnerWorker.run(SuiteRunnerWorker.java:86)
	at org.testng.TestNG.runSuitesSequentially(TestNG.java:1301)
	at org.testng.TestNG.runSuitesLocally(TestNG.java:1226)
	at org.testng.TestNG.runSuites(TestNG.java:1144)
	at org.testng.TestNG.run(TestNG.java:1115)
	at org.testng.remote.AbstractRemoteTestNG.run(AbstractRemoteTestNG.java:114)
	at org.testng.remote.RemoteTestNG.initAndRun(RemoteTestNG.java:251)
	at org.testng.remote.RemoteTestNG.main(RemoteTestNG.java:77)
]]>
            </full-stacktrace>
          </exception> <!-- java.lang.AssertionError -->
          <reporter-output>
          </reporter-output>
        </test-method> <!-- adminUser -->
        <test-method signature="adminUserA()[pri:0, instance:package25.example1@45ca843]" started-at="2018-07-10T11:51:48Z" name="adminUserA" finished-at="2018-07-10T11:51:54Z" duration-ms="6068" status="PASS">
          <reporter-output>
          </reporter-output>
        </test-method> <!-- adminUserA -->
        <test-method signature="adminUserB()[pri:0, instance:package25.example1@45ca843]" started-at="2018-07-10T11:51:54Z" name="adminUserB" finished-at="2018-07-10T11:52:00Z" duration-ms="5591" status="PASS">
          <reporter-output>
          </reporter-output>
        </test-method> <!-- adminUserB -->
        <test-method signature="customerUser()[pri:0, instance:package25.example1@45ca843]" started-at="2018-07-10T11:52:00Z" name="customerUser" description="This case is for customer your with string output" finished-at="2018-07-10T11:52:05Z" duration-ms="5828" status="PASS">
          <reporter-output>
          </reporter-output>
        </test-method> <!-- customerUser -->
      </class> <!-- package25.example1 -->
    </test> <!-- Default test -->
  </suite> <!-- Default suite -->
</testng-results>
